<?xml version="1.0" encoding="UTF-8"?>
<testsuite xmlns:xsi="http://www.w3.org/2001/XMLSchema-instance" xsi:noNamespaceSchemaLocation="https://maven.apache.org/surefire/maven-surefire-plugin/xsd/surefire-test-report.xsd" name="com.serasa.common.utils.RunnerClass.Runner" time="3.438" tests="3" errors="0" skipped="1" failures="1">
  <properties>
    <property name="sun.desktop" value="windows"/>
    <property name="awt.toolkit" value="sun.awt.windows.WToolkit"/>
    <property name="file.encoding.pkg" value="sun.io"/>
    <property name="java.specification.version" value="1.8"/>
    <property name="sun.cpu.isalist" value="amd64"/>
    <property name="sun.jnu.encoding" value="Cp1252"/>
    <property name="java.class.path" value="C:\git\experian-srv-serasajud-test\target\test-classes;C:\git\experian-srv-serasajud-test\target\classes;C:\Users\snd5412\.m2\repository\org\apache\logging\log4j\log4j-core\2.13.2\log4j-core-2.13.2.jar;C:\Users\snd5412\.m2\repository\org\apache\logging\log4j\log4j-api\2.13.2\log4j-api-2.13.2.jar;C:\Users\snd5412\.m2\repository\org\apache\logging\log4j\log4j-slf4j-impl\2.13.2\log4j-slf4j-impl-2.13.2.jar;C:\Users\snd5412\.m2\repository\org\slf4j\slf4j-api\1.7.25\slf4j-api-1.7.25.jar;C:\Users\snd5412\.m2\repository\commons-lang\commons-lang\2.6\commons-lang-2.6.jar;C:\Users\snd5412\.m2\repository\org\apache\httpcomponents\httpclient\4.5.2\httpclient-4.5.2.jar;C:\Users\snd5412\.m2\repository\org\apache\httpcomponents\httpcore\4.4.4\httpcore-4.4.4.jar;C:\Users\snd5412\.m2\repository\commons-logging\commons-logging\1.2\commons-logging-1.2.jar;C:\Users\snd5412\.m2\repository\commons-codec\commons-codec\1.9\commons-codec-1.9.jar;C:\Users\snd5412\.m2\repository\junit\junit\4.13\junit-4.13.jar;C:\Users\snd5412\.m2\repository\org\hamcrest\hamcrest-core\1.3\hamcrest-core-1.3.jar;C:\Users\snd5412\.m2\repository\com\github\javafaker\javafaker\0.14\javafaker-0.14.jar;C:\Users\snd5412\.m2\repository\org\apache\commons\commons-lang3\3.5\commons-lang3-3.5.jar;C:\Users\snd5412\.m2\repository\org\yaml\snakeyaml\1.19\snakeyaml-1.19-android.jar;C:\Users\snd5412\.m2\repository\com\github\mifmif\generex\1.0.2\generex-1.0.2.jar;C:\Users\snd5412\.m2\repository\dk\brics\automaton\automaton\1.11-8\automaton-1.11-8.jar;C:\Users\snd5412\.m2\repository\br\com\caelum\stella\caelum-stella-core\2.1.2\caelum-stella-core-2.1.2.jar;C:\Users\snd5412\.m2\repository\net\java\dev\jna\jna\5.1.0\jna-5.1.0.jar;C:\Users\snd5412\.m2\repository\org\seleniumhq\selenium\selenium-java\3.141.59\selenium-java-3.141.59.jar;C:\Users\snd5412\.m2\repository\org\seleniumhq\selenium\selenium-api\3.141.59\selenium-api-3.141.59.jar;C:\Users\snd5412\.m2\repository\org\seleniumhq\selenium\selenium-chrome-driver\3.141.59\selenium-chrome-driver-3.141.59.jar;C:\Users\snd5412\.m2\repository\org\seleniumhq\selenium\selenium-edge-driver\3.141.59\selenium-edge-driver-3.141.59.jar;C:\Users\snd5412\.m2\repository\org\seleniumhq\selenium\selenium-firefox-driver\3.141.59\selenium-firefox-driver-3.141.59.jar;C:\Users\snd5412\.m2\repository\org\seleniumhq\selenium\selenium-ie-driver\3.141.59\selenium-ie-driver-3.141.59.jar;C:\Users\snd5412\.m2\repository\org\seleniumhq\selenium\selenium-opera-driver\3.141.59\selenium-opera-driver-3.141.59.jar;C:\Users\snd5412\.m2\repository\org\seleniumhq\selenium\selenium-remote-driver\3.141.59\selenium-remote-driver-3.141.59.jar;C:\Users\snd5412\.m2\repository\org\seleniumhq\selenium\selenium-safari-driver\3.141.59\selenium-safari-driver-3.141.59.jar;C:\Users\snd5412\.m2\repository\net\bytebuddy\byte-buddy\1.8.15\byte-buddy-1.8.15.jar;C:\Users\snd5412\.m2\repository\org\apache\commons\commons-exec\1.3\commons-exec-1.3.jar;C:\Users\snd5412\.m2\repository\com\google\guava\guava\25.0-jre\guava-25.0-jre.jar;C:\Users\snd5412\.m2\repository\com\google\code\findbugs\jsr305\1.3.9\jsr305-1.3.9.jar;C:\Users\snd5412\.m2\repository\org\checkerframework\checker-compat-qual\2.0.0\checker-compat-qual-2.0.0.jar;C:\Users\snd5412\.m2\repository\com\google\errorprone\error_prone_annotations\2.1.3\error_prone_annotations-2.1.3.jar;C:\Users\snd5412\.m2\repository\com\google\j2objc\j2objc-annotations\1.1\j2objc-annotations-1.1.jar;C:\Users\snd5412\.m2\repository\org\codehaus\mojo\animal-sniffer-annotations\1.14\animal-sniffer-annotations-1.14.jar;C:\Users\snd5412\.m2\repository\com\squareup\okhttp3\okhttp\3.11.0\okhttp-3.11.0.jar;C:\Users\snd5412\.m2\repository\com\squareup\okio\okio\1.14.0\okio-1.14.0.jar;C:\Users\snd5412\.m2\repository\org\seleniumhq\selenium\selenium-support\3.141.59\selenium-support-3.141.59.jar;C:\Users\snd5412\.m2\repository\io\cucumber\cucumber-junit\6.2.0\cucumber-junit-6.2.0.jar;C:\Users\snd5412\.m2\repository\org\apiguardian\apiguardian-api\1.1.0\apiguardian-api-1.1.0.jar;C:\Users\snd5412\.m2\repository\io\cucumber\cucumber-core\6.2.0\cucumber-core-6.2.0.jar;C:\Users\snd5412\.m2\repository\io\cucumber\cucumber-gherkin\6.2.0\cucumber-gherkin-6.2.0.jar;C:\Users\snd5412\.m2\repository\io\cucumber\cucumber-gherkin-messages\6.2.0\cucumber-gherkin-messages-6.2.0.jar;C:\Users\snd5412\.m2\repository\io\cucumber\messages\12.2.0\messages-12.2.0.jar;C:\Users\snd5412\.m2\repository\io\cucumber\tag-expressions\3.0.0\tag-expressions-3.0.0.jar;C:\Users\snd5412\.m2\repository\io\cucumber\cucumber-expressions\10.2.1\cucumber-expressions-10.2.1.jar;C:\Users\snd5412\.m2\repository\io\cucumber\datatable\3.3.1\datatable-3.3.1.jar;C:\Users\snd5412\.m2\repository\io\cucumber\cucumber-plugin\6.2.0\cucumber-plugin-6.2.0.jar;C:\Users\snd5412\.m2\repository\io\cucumber\docstring\6.2.0\docstring-6.2.0.jar;C:\Users\snd5412\.m2\repository\io\cucumber\html-formatter\7.0.0\html-formatter-7.0.0.jar;C:\Users\snd5412\.m2\repository\io\cucumber\cucumber-java\6.2.0\cucumber-java-6.2.0.jar;C:\Users\snd5412\.m2\repository\io\cucumber\cucumber-picocontainer\6.2.0\cucumber-picocontainer-6.2.0.jar;C:\Users\snd5412\.m2\repository\org\picocontainer\picocontainer\2.15\picocontainer-2.15.jar;C:\Users\snd5412\.m2\repository\io\cucumber\cucumber-testng\6.2.0\cucumber-testng-6.2.0.jar;C:\Users\snd5412\.m2\repository\org\testng\testng\7.1.0\testng-7.1.0.jar;C:\Users\snd5412\.m2\repository\com\beust\jcommander\1.72\jcommander-1.72.jar;C:\Users\snd5412\.m2\repository\com\google\inject\guice\4.1.0\guice-4.1.0-no_aop.jar;C:\Users\snd5412\.m2\repository\javax\inject\javax.inject\1\javax.inject-1.jar;C:\Users\snd5412\.m2\repository\aopalliance\aopalliance\1.0\aopalliance-1.0.jar;C:\Users\snd5412\.m2\repository\org\yaml\snakeyaml\1.21\snakeyaml-1.21.jar;C:\Users\snd5412\.m2\repository\org\hamcrest\hamcrest-all\1.3\hamcrest-all-1.3.jar;C:\Users\snd5412\.m2\repository\com\vimalselvam\cucumber-extentsreport\3.1.1\cucumber-extentsreport-3.1.1.jar;C:\Users\snd5412\.m2\repository\com\aventstack\extentreports-cucumber4-adapter\1.0.12\extentreports-cucumber4-adapter-1.0.12.jar;C:\Users\snd5412\.m2\repository\com\aventstack\extentreports\4.1.5\extentreports-4.1.5.jar;C:\Users\snd5412\.m2\repository\org\apache\httpcomponents\httpmime\4.5.2\httpmime-4.5.2.jar;C:\Users\snd5412\.m2\repository\org\mongodb\bson\3.12.0\bson-3.12.0.jar;C:\Users\snd5412\.m2\repository\org\mongodb\mongodb-driver\3.3.0\mongodb-driver-3.3.0.jar;C:\Users\snd5412\.m2\repository\org\mongodb\mongodb-driver-core\3.3.0\mongodb-driver-core-3.3.0.jar;C:\Users\snd5412\.m2\repository\org\freemarker\freemarker\2.3.30\freemarker-2.3.30.jar;C:\Users\snd5412\.m2\repository\net\masterthought\cucumber-reporting\5.3.0\cucumber-reporting-5.3.0.jar;C:\Users\snd5412\.m2\repository\com\fasterxml\jackson\core\jackson-databind\2.10.1\jackson-databind-2.10.1.jar;C:\Users\snd5412\.m2\repository\com\fasterxml\jackson\core\jackson-annotations\2.10.1\jackson-annotations-2.10.1.jar;C:\Users\snd5412\.m2\repository\com\fasterxml\jackson\core\jackson-core\2.10.1\jackson-core-2.10.1.jar;C:\Users\snd5412\.m2\repository\com\fasterxml\jackson\datatype\jackson-datatype-jsr310\2.10.1\jackson-datatype-jsr310-2.10.1.jar;C:\Users\snd5412\.m2\repository\org\apache\velocity\velocity-engine-core\2.1\velocity-engine-core-2.1.jar;C:\Users\snd5412\.m2\repository\commons-collections\commons-collections\3.2.2\commons-collections-3.2.2.jar;C:\Users\snd5412\.m2\repository\joda-time\joda-time\2.10.5\joda-time-2.10.5.jar;C:\Users\snd5412\.m2\repository\org\codehaus\plexus\plexus-utils\3.3.0\plexus-utils-3.3.0.jar;C:\Users\snd5412\.m2\repository\org\jsoup\jsoup\1.12.1\jsoup-1.12.1.jar;C:\Users\snd5412\.m2\repository\com\googlecode\owasp-java-html-sanitizer\owasp-java-html-sanitizer\20191001.1\owasp-java-html-sanitizer-20191001.1.jar;C:\Users\snd5412\.m2\repository\commons-configuration\commons-configuration\1.10\commons-configuration-1.10.jar;C:\Users\snd5412\.m2\repository\commons-io\commons-io\2.7\commons-io-2.7.jar;C:\Users\snd5412\.m2\repository\ru\yandex\qatools\ashot\ashot\1.5.4\ashot-1.5.4.jar;C:\Users\snd5412\.m2\repository\com\google\code\gson\gson\2.6.2\gson-2.6.2.jar;"/>
    <property name="java.vm.vendor" value="Azul Systems, Inc."/>
    <property name="sun.arch.data.model" value="64"/>
    <property name="user.variant" value=""/>
    <property name="java.vendor.url" value="http://www.azulsystems.com/"/>
    <property name="user.timezone" value="America/Sao_Paulo"/>
    <property name="java.vm.specification.version" value="1.8"/>
    <property name="os.name" value="Windows 10"/>
    <property name="user.country" value="BR"/>
    <property name="sun.java.launcher" value="SUN_STANDARD"/>
    <property name="sun.boot.library.path" value="C:\Program Files\Zulu\zulu-8\jre\bin"/>
    <property name="sun.java.command" value="C:\Users\snd5412\AppData\Local\Temp\surefire4747686490425400168\surefirebooter280415843075820477.jar C:\Users\snd5412\AppData\Local\Temp\surefire4747686490425400168 2021-01-28T12-19-40_563-jvmRun1 surefire8470394367570390769tmp surefire_01613126583343482320tmp"/>
    <property name="surefire.test.class.path" value="C:\git\experian-srv-serasajud-test\target\test-classes;C:\git\experian-srv-serasajud-test\target\classes;C:\Users\snd5412\.m2\repository\org\apache\logging\log4j\log4j-core\2.13.2\log4j-core-2.13.2.jar;C:\Users\snd5412\.m2\repository\org\apache\logging\log4j\log4j-api\2.13.2\log4j-api-2.13.2.jar;C:\Users\snd5412\.m2\repository\org\apache\logging\log4j\log4j-slf4j-impl\2.13.2\log4j-slf4j-impl-2.13.2.jar;C:\Users\snd5412\.m2\repository\org\slf4j\slf4j-api\1.7.25\slf4j-api-1.7.25.jar;C:\Users\snd5412\.m2\repository\commons-lang\commons-lang\2.6\commons-lang-2.6.jar;C:\Users\snd5412\.m2\repository\org\apache\httpcomponents\httpclient\4.5.2\httpclient-4.5.2.jar;C:\Users\snd5412\.m2\repository\org\apache\httpcomponents\httpcore\4.4.4\httpcore-4.4.4.jar;C:\Users\snd5412\.m2\repository\commons-logging\commons-logging\1.2\commons-logging-1.2.jar;C:\Users\snd5412\.m2\repository\commons-codec\commons-codec\1.9\commons-codec-1.9.jar;C:\Users\snd5412\.m2\repository\junit\junit\4.13\junit-4.13.jar;C:\Users\snd5412\.m2\repository\org\hamcrest\hamcrest-core\1.3\hamcrest-core-1.3.jar;C:\Users\snd5412\.m2\repository\com\github\javafaker\javafaker\0.14\javafaker-0.14.jar;C:\Users\snd5412\.m2\repository\org\apache\commons\commons-lang3\3.5\commons-lang3-3.5.jar;C:\Users\snd5412\.m2\repository\org\yaml\snakeyaml\1.19\snakeyaml-1.19-android.jar;C:\Users\snd5412\.m2\repository\com\github\mifmif\generex\1.0.2\generex-1.0.2.jar;C:\Users\snd5412\.m2\repository\dk\brics\automaton\automaton\1.11-8\automaton-1.11-8.jar;C:\Users\snd5412\.m2\repository\br\com\caelum\stella\caelum-stella-core\2.1.2\caelum-stella-core-2.1.2.jar;C:\Users\snd5412\.m2\repository\net\java\dev\jna\jna\5.1.0\jna-5.1.0.jar;C:\Users\snd5412\.m2\repository\org\seleniumhq\selenium\selenium-java\3.141.59\selenium-java-3.141.59.jar;C:\Users\snd5412\.m2\repository\org\seleniumhq\selenium\selenium-api\3.141.59\selenium-api-3.141.59.jar;C:\Users\snd5412\.m2\repository\org\seleniumhq\selenium\selenium-chrome-driver\3.141.59\selenium-chrome-driver-3.141.59.jar;C:\Users\snd5412\.m2\repository\org\seleniumhq\selenium\selenium-edge-driver\3.141.59\selenium-edge-driver-3.141.59.jar;C:\Users\snd5412\.m2\repository\org\seleniumhq\selenium\selenium-firefox-driver\3.141.59\selenium-firefox-driver-3.141.59.jar;C:\Users\snd5412\.m2\repository\org\seleniumhq\selenium\selenium-ie-driver\3.141.59\selenium-ie-driver-3.141.59.jar;C:\Users\snd5412\.m2\repository\org\seleniumhq\selenium\selenium-opera-driver\3.141.59\selenium-opera-driver-3.141.59.jar;C:\Users\snd5412\.m2\repository\org\seleniumhq\selenium\selenium-remote-driver\3.141.59\selenium-remote-driver-3.141.59.jar;C:\Users\snd5412\.m2\repository\org\seleniumhq\selenium\selenium-safari-driver\3.141.59\selenium-safari-driver-3.141.59.jar;C:\Users\snd5412\.m2\repository\net\bytebuddy\byte-buddy\1.8.15\byte-buddy-1.8.15.jar;C:\Users\snd5412\.m2\repository\org\apache\commons\commons-exec\1.3\commons-exec-1.3.jar;C:\Users\snd5412\.m2\repository\com\google\guava\guava\25.0-jre\guava-25.0-jre.jar;C:\Users\snd5412\.m2\repository\com\google\code\findbugs\jsr305\1.3.9\jsr305-1.3.9.jar;C:\Users\snd5412\.m2\repository\org\checkerframework\checker-compat-qual\2.0.0\checker-compat-qual-2.0.0.jar;C:\Users\snd5412\.m2\repository\com\google\errorprone\error_prone_annotations\2.1.3\error_prone_annotations-2.1.3.jar;C:\Users\snd5412\.m2\repository\com\google\j2objc\j2objc-annotations\1.1\j2objc-annotations-1.1.jar;C:\Users\snd5412\.m2\repository\org\codehaus\mojo\animal-sniffer-annotations\1.14\animal-sniffer-annotations-1.14.jar;C:\Users\snd5412\.m2\repository\com\squareup\okhttp3\okhttp\3.11.0\okhttp-3.11.0.jar;C:\Users\snd5412\.m2\repository\com\squareup\okio\okio\1.14.0\okio-1.14.0.jar;C:\Users\snd5412\.m2\repository\org\seleniumhq\selenium\selenium-support\3.141.59\selenium-support-3.141.59.jar;C:\Users\snd5412\.m2\repository\io\cucumber\cucumber-junit\6.2.0\cucumber-junit-6.2.0.jar;C:\Users\snd5412\.m2\repository\org\apiguardian\apiguardian-api\1.1.0\apiguardian-api-1.1.0.jar;C:\Users\snd5412\.m2\repository\io\cucumber\cucumber-core\6.2.0\cucumber-core-6.2.0.jar;C:\Users\snd5412\.m2\repository\io\cucumber\cucumber-gherkin\6.2.0\cucumber-gherkin-6.2.0.jar;C:\Users\snd5412\.m2\repository\io\cucumber\cucumber-gherkin-messages\6.2.0\cucumber-gherkin-messages-6.2.0.jar;C:\Users\snd5412\.m2\repository\io\cucumber\messages\12.2.0\messages-12.2.0.jar;C:\Users\snd5412\.m2\repository\io\cucumber\tag-expressions\3.0.0\tag-expressions-3.0.0.jar;C:\Users\snd5412\.m2\repository\io\cucumber\cucumber-expressions\10.2.1\cucumber-expressions-10.2.1.jar;C:\Users\snd5412\.m2\repository\io\cucumber\datatable\3.3.1\datatable-3.3.1.jar;C:\Users\snd5412\.m2\repository\io\cucumber\cucumber-plugin\6.2.0\cucumber-plugin-6.2.0.jar;C:\Users\snd5412\.m2\repository\io\cucumber\docstring\6.2.0\docstring-6.2.0.jar;C:\Users\snd5412\.m2\repository\io\cucumber\html-formatter\7.0.0\html-formatter-7.0.0.jar;C:\Users\snd5412\.m2\repository\io\cucumber\cucumber-java\6.2.0\cucumber-java-6.2.0.jar;C:\Users\snd5412\.m2\repository\io\cucumber\cucumber-picocontainer\6.2.0\cucumber-picocontainer-6.2.0.jar;C:\Users\snd5412\.m2\repository\org\picocontainer\picocontainer\2.15\picocontainer-2.15.jar;C:\Users\snd5412\.m2\repository\io\cucumber\cucumber-testng\6.2.0\cucumber-testng-6.2.0.jar;C:\Users\snd5412\.m2\repository\org\testng\testng\7.1.0\testng-7.1.0.jar;C:\Users\snd5412\.m2\repository\com\beust\jcommander\1.72\jcommander-1.72.jar;C:\Users\snd5412\.m2\repository\com\google\inject\guice\4.1.0\guice-4.1.0-no_aop.jar;C:\Users\snd5412\.m2\repository\javax\inject\javax.inject\1\javax.inject-1.jar;C:\Users\snd5412\.m2\repository\aopalliance\aopalliance\1.0\aopalliance-1.0.jar;C:\Users\snd5412\.m2\repository\org\yaml\snakeyaml\1.21\snakeyaml-1.21.jar;C:\Users\snd5412\.m2\repository\org\hamcrest\hamcrest-all\1.3\hamcrest-all-1.3.jar;C:\Users\snd5412\.m2\repository\com\vimalselvam\cucumber-extentsreport\3.1.1\cucumber-extentsreport-3.1.1.jar;C:\Users\snd5412\.m2\repository\com\aventstack\extentreports-cucumber4-adapter\1.0.12\extentreports-cucumber4-adapter-1.0.12.jar;C:\Users\snd5412\.m2\repository\com\aventstack\extentreports\4.1.5\extentreports-4.1.5.jar;C:\Users\snd5412\.m2\repository\org\apache\httpcomponents\httpmime\4.5.2\httpmime-4.5.2.jar;C:\Users\snd5412\.m2\repository\org\mongodb\bson\3.12.0\bson-3.12.0.jar;C:\Users\snd5412\.m2\repository\org\mongodb\mongodb-driver\3.3.0\mongodb-driver-3.3.0.jar;C:\Users\snd5412\.m2\repository\org\mongodb\mongodb-driver-core\3.3.0\mongodb-driver-core-3.3.0.jar;C:\Users\snd5412\.m2\repository\org\freemarker\freemarker\2.3.30\freemarker-2.3.30.jar;C:\Users\snd5412\.m2\repository\net\masterthought\cucumber-reporting\5.3.0\cucumber-reporting-5.3.0.jar;C:\Users\snd5412\.m2\repository\com\fasterxml\jackson\core\jackson-databind\2.10.1\jackson-databind-2.10.1.jar;C:\Users\snd5412\.m2\repository\com\fasterxml\jackson\core\jackson-annotations\2.10.1\jackson-annotations-2.10.1.jar;C:\Users\snd5412\.m2\repository\com\fasterxml\jackson\core\jackson-core\2.10.1\jackson-core-2.10.1.jar;C:\Users\snd5412\.m2\repository\com\fasterxml\jackson\datatype\jackson-datatype-jsr310\2.10.1\jackson-datatype-jsr310-2.10.1.jar;C:\Users\snd5412\.m2\repository\org\apache\velocity\velocity-engine-core\2.1\velocity-engine-core-2.1.jar;C:\Users\snd5412\.m2\repository\commons-collections\commons-collections\3.2.2\commons-collections-3.2.2.jar;C:\Users\snd5412\.m2\repository\joda-time\joda-time\2.10.5\joda-time-2.10.5.jar;C:\Users\snd5412\.m2\repository\org\codehaus\plexus\plexus-utils\3.3.0\plexus-utils-3.3.0.jar;C:\Users\snd5412\.m2\repository\org\jsoup\jsoup\1.12.1\jsoup-1.12.1.jar;C:\Users\snd5412\.m2\repository\com\googlecode\owasp-java-html-sanitizer\owasp-java-html-sanitizer\20191001.1\owasp-java-html-sanitizer-20191001.1.jar;C:\Users\snd5412\.m2\repository\commons-configuration\commons-configuration\1.10\commons-configuration-1.10.jar;C:\Users\snd5412\.m2\repository\commons-io\commons-io\2.7\commons-io-2.7.jar;C:\Users\snd5412\.m2\repository\ru\yandex\qatools\ashot\ashot\1.5.4\ashot-1.5.4.jar;C:\Users\snd5412\.m2\repository\com\google\code\gson\gson\2.6.2\gson-2.6.2.jar;"/>
    <property name="sun.cpu.endian" value="little"/>
    <property name="user.home" value="C:\Users\snd5412"/>
    <property name="user.language" value="pt"/>
    <property name="java.specification.vendor" value="Oracle Corporation"/>
    <property name="java.home" value="C:\Program Files\Zulu\zulu-8\jre"/>
    <property name="basedir" value="C:\git\experian-srv-serasajud-test"/>
    <property name="file.separator" value="\"/>
    <property name="line.separator" value="&#10;"/>
    <property name="java.vm.specification.vendor" value="Oracle Corporation"/>
    <property name="java.specification.name" value="Java Platform API Specification"/>
    <property name="java.awt.graphicsenv" value="sun.awt.Win32GraphicsEnvironment"/>
    <property name="surefire.real.class.path" value="C:\Users\snd5412\AppData\Local\Temp\surefire4747686490425400168\surefirebooter280415843075820477.jar"/>
    <property name="sun.boot.class.path" value="C:\Program Files\Zulu\zulu-8\jre\lib\resources.jar;C:\Program Files\Zulu\zulu-8\jre\lib\rt.jar;C:\Program Files\Zulu\zulu-8\jre\lib\sunrsasign.jar;C:\Program Files\Zulu\zulu-8\jre\lib\jsse.jar;C:\Program Files\Zulu\zulu-8\jre\lib\jce.jar;C:\Program Files\Zulu\zulu-8\jre\lib\charsets.jar;C:\Program Files\Zulu\zulu-8\jre\lib\jfr.jar;C:\Program Files\Zulu\zulu-8\jre\classes"/>
    <property name="user.script" value=""/>
    <property name="sun.management.compiler" value="HotSpot 64-Bit Tiered Compilers"/>
    <property name="java.runtime.version" value="1.8.0_242-b20"/>
    <property name="user.name" value="snd5412"/>
    <property name="path.separator" value=";"/>
    <property name="os.version" value="10.0"/>
    <property name="java.endorsed.dirs" value="C:\Program Files\Zulu\zulu-8\jre\lib\endorsed"/>
    <property name="java.runtime.name" value="OpenJDK Runtime Environment"/>
    <property name="file.encoding" value="Cp1252"/>
    <property name="java.vm.name" value="OpenJDK 64-Bit Server VM"/>
    <property name="localRepository" value="C:\Users\snd5412\.m2\repository"/>
    <property name="java.vendor.url.bug" value="http://www.azulsystems.com/support/"/>
    <property name="java.io.tmpdir" value="C:\Users\snd5412\AppData\Local\Temp\"/>
    <property name="idea.version" value="2020.2.3"/>
    <property name="java.version" value="1.8.0_242"/>
    <property name="user.dir" value="C:\git\experian-srv-serasajud-test"/>
    <property name="os.arch" value="amd64"/>
    <property name="java.vm.specification.name" value="Java Virtual Machine Specification"/>
    <property name="java.awt.printerjob" value="sun.awt.windows.WPrinterJob"/>
    <property name="sun.os.patch.level" value=""/>
    <property name="java.library.path" value="C:\Program Files\Zulu\zulu-8\jre\bin;C:\WINDOWS\Sun\Java\bin;C:\WINDOWS\system32;C:\WINDOWS;C:\WINDOWS\system32;C:\WINDOWS;C:\WINDOWS\System32\Wbem;C:\WINDOWS\System32\WindowsPowerShell\v1.0\;C:\Program Files\SafeNet\Authentication\SAC\x64;C:\Program Files\SafeNet\Authentication\SAC\x32;C:\Program Files\Microsoft VS Code\bin;C:\Program Files\Zulu\zulu-8\bin\;C:\Program Files\Zulu\zulu-8\bin;C:\Program Files\Git\cmd;C:\Program Files (x86)\Intel\Intel(R) Management Engine Components\DAL;C:\Program Files\Intel\Intel(R) Management Engine Components\DAL;C:\Program Files\PuTTY\;C:\Program Files\Apache\apache-maven-3.6.3\bin;C:\Program Files (x86)\Microsoft SQL Server\Client SDK\ODBC\130\Tools\Binn\;C:\Program Files (x86)\Microsoft SQL Server\140\Tools\Binn\;C:\Program Files (x86)\Microsoft SQL Server\140\DTS\Binn\;C:\Program Files (x86)\Microsoft SQL Server\140\Tools\Binn\ManagementStudio\;C:\Users\snd5412\AppData\Local\Microsoft\WindowsApps;;."/>
    <property name="java.vm.info" value="mixed mode"/>
    <property name="java.vendor" value="Azul Systems, Inc."/>
    <property name="java.vm.version" value="25.242-b20"/>
    <property name="java.ext.dirs" value="C:\Program Files\Zulu\zulu-8\jre\lib\ext;C:\WINDOWS\Sun\Java\lib\ext"/>
    <property name="sun.io.unicode.encoding" value="UnicodeLittle"/>
    <property name="java.class.version" value="52.0"/>
  </properties>
  <testcase name="main on main(com.serasa.common.utils.RunnerClass.Runner)" classname="com.serasa.common.utils.RunnerClass.Runner" time="2.509"/>
  <testcase name="main on main(com.serasa.common.utils.RunnerClass.Runner)" classname="com.serasa.common.utils.RunnerClass.Runner" time="0">
    <skipped/>
  </testcase>
  <testcase name="null on com.serasa.common.utils.RunnerClass.Runner" classname="com.serasa.common.utils.RunnerClass.Runner" time="2.531">
    <failure type="java.lang.NullPointerException">java.lang.NullPointerException
	at com.serasa.common.utils.RunnerClass.Runner.tearDown(Runner.java:26)
</failure>
  </testcase>
</testsuite>